<?xml version="1.0" encoding="UTF-8"?>
<!-- Generated by org.testng.reporters.JUnitReportReporter -->
<testsuite skipped="0" hostname="Naresh" name="selenium.ExcelReader" tests="1" failures="0" timestamp="12 Apr 2018 17:36:36 GMT" time="1.752" errors="0">
  <testcase name="readExcel" time="1.752" classname="selenium.ExcelReader"/>
</testsuite> <!-- selenium.ExcelReader -->
