<?xml version="1.0" encoding="UTF-8"?>
<!-- Generated by org.testng.reporters.JUnitReportReporter -->
<testsuite skipped="1" hostname="Naresh" name="utils.ExcelReader" tests="1" failures="0" timestamp="12 Apr 2018 21:45:41 GMT" time="0.000" errors="0">
  <testcase name="test" time="0.000" classname="utils.ExcelReader">
    <skipped/>
  </testcase> <!-- test -->
</testsuite> <!-- utils.ExcelReader -->
